<?xml version="1.0" encoding="UTF-8"?>
<testng-results skipped="0" failed="0" ignored="0" total="1" passed="1">
  <reporter-output>
  </reporter-output>
  <suite name="Default suite" duration-ms="34520" started-at="2019-09-26T16:14:08 IST" finished-at="2019-09-26T16:14:42 IST">
    <groups>
    </groups>
    <test name="Default test" duration-ms="34520" started-at="2019-09-26T16:14:08 IST" finished-at="2019-09-26T16:14:42 IST">
      <class name="appiumtests.Launch_Browser">
        <test-method status="PASS" signature="setUp()[pri:0, instance:appiumtests.Launch_Browser@a7e666]" name="setUp" is-config="true" duration-ms="25740" started-at="2019-09-26T16:14:08 IST" finished-at="2019-09-26T16:14:34 IST">
          <reporter-output>
          </reporter-output>
        </test-method> <!-- setUp -->
        <test-method status="PASS" signature="launchApplication()[pri:0, instance:appiumtests.Launch_Browser@a7e666]" name="launchApplication" duration-ms="8729" started-at="2019-09-26T16:14:34 IST" finished-at="2019-09-26T16:14:42 IST">
          <reporter-output>
          </reporter-output>
        </test-method> <!-- launchApplication -->
      </class> <!-- appiumtests.Launch_Browser -->
    </test> <!-- Default test -->
  </suite> <!-- Default suite -->
</testng-results>
